2018-05-23 20:40:36.643  INFO 52870 --- [main] c.example.api.SpringBootApiApplication   : Starting SpringBootApiApplication on chenjianhongde-MacBook-Air.local with PID 52870 (/Users/jhchen/workspace-sts-3.9.3.RELEASE/springBoot/spring-boot-api/target/classes started by jhchen in /Users/jhchen/workspace-sts-3.9.3.RELEASE/springBoot/spring-boot-api)
2018-05-23 20:40:36.662 DEBUG 52870 --- [main] c.example.api.SpringBootApiApplication   : Running with Spring Boot v2.1.0.BUILD-SNAPSHOT, Spring v5.0.6.RELEASE
2018-05-23 20:40:36.697  INFO 52870 --- [main] c.example.api.SpringBootApiApplication   : The following profiles are active: dev
2018-05-23 20:40:36.910  INFO 52870 --- [main] ConfigServletWebServerApplicationContext : Refreshing org.springframework.boot.web.servlet.context.AnnotationConfigServletWebServerApplicationContext@3349e9bb: startup date [Wed May 23 20:40:36 CST 2018]; root of context hierarchy
2018-05-23 20:40:39.399  INFO 52870 --- [main] trationDelegate$BeanPostProcessorChecker : Bean 'org.springframework.transaction.annotation.ProxyTransactionManagementConfiguration' of type [org.springframework.transaction.annotation.ProxyTransactionManagementConfiguration$$EnhancerBySpringCGLIB$$504b6e8f] is not eligible for getting processed by all BeanPostProcessors (for example: not eligible for auto-proxying)
2018-05-23 20:40:40.071  INFO 52870 --- [main] o.s.b.w.embedded.tomcat.TomcatWebServer  : Tomcat initialized with port(s): 8080 (http)
2018-05-23 20:40:40.166  INFO 52870 --- [main] o.apache.catalina.core.StandardService   : Starting service [Tomcat]
2018-05-23 20:40:40.166  INFO 52870 --- [main] org.apache.catalina.core.StandardEngine  : Starting Servlet Engine: Apache Tomcat/8.5.31
2018-05-23 20:40:40.199  INFO 52870 --- [localhost-startStop-1] o.a.catalina.core.AprLifecycleListener   : The APR based Apache Tomcat Native library which allows optimal performance in production environments was not found on the java.library.path: [/Users/jhchen/Library/Java/Extensions:/Library/Java/Extensions:/Network/Library/Java/Extensions:/System/Library/Java/Extensions:/usr/lib/java:.]
2018-05-23 20:40:40.425  INFO 52870 --- [localhost-startStop-1] o.a.c.c.C.[Tomcat].[localhost].[/]       : Initializing Spring embedded WebApplicationContext
2018-05-23 20:40:40.425  INFO 52870 --- [localhost-startStop-1] o.s.web.context.ContextLoader            : Root WebApplicationContext: initialization completed in 3515 ms
2018-05-23 20:40:40.703  INFO 52870 --- [localhost-startStop-1] o.s.b.w.servlet.ServletRegistrationBean  : Servlet dispatcherServlet mapped to [/]
2018-05-23 20:40:40.713  INFO 52870 --- [localhost-startStop-1] o.s.b.w.servlet.FilterRegistrationBean   : Mapping filter: 'characterEncodingFilter' to: [/*]
2018-05-23 20:40:40.714  INFO 52870 --- [localhost-startStop-1] o.s.b.w.servlet.FilterRegistrationBean   : Mapping filter: 'hiddenHttpMethodFilter' to: [/*]
2018-05-23 20:40:40.714  INFO 52870 --- [localhost-startStop-1] o.s.b.w.servlet.FilterRegistrationBean   : Mapping filter: 'httpPutFormContentFilter' to: [/*]
2018-05-23 20:40:40.715  INFO 52870 --- [localhost-startStop-1] o.s.b.w.servlet.FilterRegistrationBean   : Mapping filter: 'requestContextFilter' to: [/*]
2018-05-23 20:40:41.194  INFO 52870 --- [main] com.zaxxer.hikari.HikariDataSource       : HikariPool-1 - Starting...
2018-05-23 20:40:41.724  INFO 52870 --- [main] com.zaxxer.hikari.HikariDataSource       : HikariPool-1 - Start completed.
2018-05-23 20:40:41.827  INFO 52870 --- [main] j.LocalContainerEntityManagerFactoryBean : Building JPA container EntityManagerFactory for persistence unit 'default'
2018-05-23 20:40:41.900  INFO 52870 --- [main] o.hibernate.jpa.internal.util.LogHelper  : HHH000204: Processing PersistenceUnitInfo [
	name: default
	...]
2018-05-23 20:40:42.213  INFO 52870 --- [main] org.hibernate.Version                    : HHH000412: Hibernate Core {5.2.17.Final}
2018-05-23 20:40:42.216  INFO 52870 --- [main] org.hibernate.cfg.Environment            : HHH000206: hibernate.properties not found
2018-05-23 20:40:42.343  INFO 52870 --- [main] o.hibernate.annotations.common.Version   : HCANN000001: Hibernate Commons Annotations {5.0.1.Final}
2018-05-23 20:40:42.720  INFO 52870 --- [main] org.hibernate.dialect.Dialect            : HHH000400: Using dialect: org.hibernate.dialect.MySQL5Dialect
2018-05-23 20:40:43.979  INFO 52870 --- [main] j.LocalContainerEntityManagerFactoryBean : Initialized JPA EntityManagerFactory for persistence unit 'default'
2018-05-23 20:40:44.719  INFO 52870 --- [main] o.s.w.s.handler.SimpleUrlHandlerMapping  : Mapped URL path [/**/favicon.ico] onto handler of type [class org.springframework.web.servlet.resource.ResourceHttpRequestHandler]
2018-05-23 20:40:45.257  INFO 52870 --- [main] s.w.s.m.m.a.RequestMappingHandlerAdapter : Looking for @ControllerAdvice: org.springframework.boot.web.servlet.context.AnnotationConfigServletWebServerApplicationContext@3349e9bb: startup date [Wed May 23 20:40:36 CST 2018]; root of context hierarchy
2018-05-23 20:40:45.391  WARN 52870 --- [main] aWebConfiguration$JpaWebMvcConfiguration : spring.jpa.open-in-view is enabled by default. Therefore, database queries may be performed during view rendering. Explicitly configure spring.jpa.open-in-view to disable this warning
2018-05-23 20:40:45.470  INFO 52870 --- [main] s.w.s.m.m.a.RequestMappingHandlerMapping : Mapped "{[/api/v1/books/{id}],methods=[GET]}" onto public org.springframework.http.ResponseEntity<?> com.example.api.controller.BookController.getBook(java.lang.Long)
2018-05-23 20:40:45.472  INFO 52870 --- [main] s.w.s.m.m.a.RequestMappingHandlerMapping : Mapped "{[/api/v1/books],methods=[GET]}" onto public org.springframework.http.ResponseEntity<?> com.example.api.controller.BookController.listAllBooks()
2018-05-23 20:40:45.474  INFO 52870 --- [main] s.w.s.m.m.a.RequestMappingHandlerMapping : Mapped "{[/api/v1/books],methods=[POST]}" onto public org.springframework.http.ResponseEntity<?> com.example.api.controller.BookController.saveBook(com.example.api.dto.BookDTO,org.springframework.validation.BindingResult)
2018-05-23 20:40:45.474  INFO 52870 --- [main] s.w.s.m.m.a.RequestMappingHandlerMapping : Mapped "{[/api/v1/books/{id}],methods=[PUT]}" onto public org.springframework.http.ResponseEntity<?> com.example.api.controller.BookController.updateBook(java.lang.Long,com.example.api.dto.BookDTO,org.springframework.validation.BindingResult)
2018-05-23 20:40:45.475  INFO 52870 --- [main] s.w.s.m.m.a.RequestMappingHandlerMapping : Mapped "{[/api/v1/books/{id}],methods=[DELETE]}" onto public org.springframework.http.ResponseEntity<?> com.example.api.controller.BookController.deleteBook(java.lang.Long)
2018-05-23 20:40:45.476  INFO 52870 --- [main] s.w.s.m.m.a.RequestMappingHandlerMapping : Mapped "{[/api/v1/books],methods=[DELETE]}" onto public org.springframework.http.ResponseEntity<?> com.example.api.controller.BookController.deleteAllBooks()
2018-05-23 20:40:45.480  INFO 52870 --- [main] s.w.s.m.m.a.RequestMappingHandlerMapping : Mapped "{[/error]}" onto public org.springframework.http.ResponseEntity<java.util.Map<java.lang.String, java.lang.Object>> org.springframework.boot.autoconfigure.web.servlet.error.BasicErrorController.error(javax.servlet.http.HttpServletRequest)
2018-05-23 20:40:45.481  INFO 52870 --- [main] s.w.s.m.m.a.RequestMappingHandlerMapping : Mapped "{[/error],produces=[text/html]}" onto public org.springframework.web.servlet.ModelAndView org.springframework.boot.autoconfigure.web.servlet.error.BasicErrorController.errorHtml(javax.servlet.http.HttpServletRequest,javax.servlet.http.HttpServletResponse)
2018-05-23 20:40:45.526  INFO 52870 --- [main] o.s.w.s.handler.SimpleUrlHandlerMapping  : Mapped URL path [/webjars/**] onto handler of type [class org.springframework.web.servlet.resource.ResourceHttpRequestHandler]
2018-05-23 20:40:45.527  INFO 52870 --- [main] o.s.w.s.handler.SimpleUrlHandlerMapping  : Mapped URL path [/**] onto handler of type [class org.springframework.web.servlet.resource.ResourceHttpRequestHandler]
2018-05-23 20:40:45.572  INFO 52870 --- [main] .m.m.a.ExceptionHandlerExceptionResolver : Detected @ExceptionHandler methods in apiExceptionHandler
2018-05-23 20:40:45.967  INFO 52870 --- [main] o.s.j.e.a.AnnotationMBeanExporter        : Registering beans for JMX exposure on startup
2018-05-23 20:40:45.969  INFO 52870 --- [main] o.s.j.e.a.AnnotationMBeanExporter        : Bean with name 'dataSource' has been autodetected for JMX exposure
2018-05-23 20:40:45.979  INFO 52870 --- [main] o.s.j.e.a.AnnotationMBeanExporter        : Located MBean 'dataSource': registering with JMX server as MBean [com.zaxxer.hikari:name=dataSource,type=HikariDataSource]
2018-05-23 20:40:46.063  INFO 52870 --- [main] o.s.b.w.embedded.tomcat.TomcatWebServer  : Tomcat started on port(s): 8080 (http) with context path ''
2018-05-23 20:40:46.067  INFO 52870 --- [main] c.example.api.SpringBootApiApplication   : Started SpringBootApiApplication in 10.679 seconds (JVM running for 11.652)
2018-05-23 20:41:19.287  INFO 52870 --- [http-nio-8080-exec-1] o.a.c.c.C.[Tomcat].[localhost].[/]       : Initializing Spring FrameworkServlet 'dispatcherServlet'
2018-05-23 20:41:19.287  INFO 52870 --- [http-nio-8080-exec-1] o.s.web.servlet.DispatcherServlet        : FrameworkServlet 'dispatcherServlet': initialization started
2018-05-23 20:41:19.329  INFO 52870 --- [http-nio-8080-exec-1] o.s.web.servlet.DispatcherServlet        : FrameworkServlet 'dispatcherServlet': initialization completed in 42 ms
2018-05-23 20:41:19.585  INFO 52870 --- [http-nio-8080-exec-1] o.h.h.i.QueryTranslatorFactoryInitiator  : HHH000397: Using ASTQueryTranslatorFactory
2018-05-23 20:45:25.482  WARN 52870 --- [http-nio-8080-exec-4] o.h.engine.jdbc.spi.SqlExceptionHelper   : SQL Error: 1062, SQLState: 23000
2018-05-23 20:45:25.482 ERROR 52870 --- [http-nio-8080-exec-4] o.h.engine.jdbc.spi.SqlExceptionHelper   : Duplicate entry '9' for key 'PRIMARY'
2018-05-23 20:45:25.484 ERROR 52870 --- [http-nio-8080-exec-4] o.h.i.ExceptionMapperStandardImpl        : HHH000346: Error during managed flush [org.hibernate.exception.ConstraintViolationException: could not execute statement]
2018-05-23 20:53:46.278  WARN 52870 --- [http-nio-8080-exec-6] o.h.engine.jdbc.spi.SqlExceptionHelper   : SQL Error: 1062, SQLState: 23000
2018-05-23 20:53:46.279 ERROR 52870 --- [http-nio-8080-exec-6] o.h.engine.jdbc.spi.SqlExceptionHelper   : Duplicate entry '13' for key 'PRIMARY'
2018-05-23 20:53:46.281 ERROR 52870 --- [http-nio-8080-exec-6] o.h.i.ExceptionMapperStandardImpl        : HHH000346: Error during managed flush [org.hibernate.exception.ConstraintViolationException: could not execute statement]
2018-05-23 21:41:28.996  INFO 52870 --- [Thread-3] ConfigServletWebServerApplicationContext : Closing org.springframework.boot.web.servlet.context.AnnotationConfigServletWebServerApplicationContext@3349e9bb: startup date [Wed May 23 20:40:36 CST 2018]; root of context hierarchy
2018-05-23 21:41:29.000  INFO 52870 --- [Thread-3] o.s.j.e.a.AnnotationMBeanExporter        : Unregistering JMX-exposed beans on shutdown
2018-05-23 21:41:29.001  INFO 52870 --- [Thread-3] o.s.j.e.a.AnnotationMBeanExporter        : Unregistering JMX-exposed beans
2018-05-23 21:41:29.005  INFO 52870 --- [Thread-3] j.LocalContainerEntityManagerFactoryBean : Closing JPA EntityManagerFactory for persistence unit 'default'
2018-05-23 21:41:29.006  INFO 52870 --- [Thread-3] com.zaxxer.hikari.HikariDataSource       : HikariPool-1 - Shutdown initiated...
2018-05-23 21:41:29.010  INFO 52870 --- [Thread-3] com.zaxxer.hikari.HikariDataSource       : HikariPool-1 - Shutdown completed.
2018-05-23 21:41:41.177  INFO 53312 --- [main] c.example.api.SpringBootApiApplication   : Starting SpringBootApiApplication on chenjianhongde-MacBook-Air.local with PID 53312 (/Users/jhchen/workspace-sts-3.9.3.RELEASE/springBoot/spring-boot-api/target/classes started by jhchen in /Users/jhchen/workspace-sts-3.9.3.RELEASE/springBoot/spring-boot-api)
2018-05-23 21:41:41.184 DEBUG 53312 --- [main] c.example.api.SpringBootApiApplication   : Running with Spring Boot v2.1.0.BUILD-SNAPSHOT, Spring v5.0.6.RELEASE
2018-05-23 21:41:41.187  INFO 53312 --- [main] c.example.api.SpringBootApiApplication   : The following profiles are active: dev
2018-05-23 21:41:41.352  INFO 53312 --- [main] ConfigServletWebServerApplicationContext : Refreshing org.springframework.boot.web.servlet.context.AnnotationConfigServletWebServerApplicationContext@409bf450: startup date [Wed May 23 21:41:41 CST 2018]; root of context hierarchy
2018-05-23 21:41:43.320  INFO 53312 --- [main] trationDelegate$BeanPostProcessorChecker : Bean 'org.springframework.transaction.annotation.ProxyTransactionManagementConfiguration' of type [org.springframework.transaction.annotation.ProxyTransactionManagementConfiguration$$EnhancerBySpringCGLIB$$7eb4a134] is not eligible for getting processed by all BeanPostProcessors (for example: not eligible for auto-proxying)
2018-05-23 21:41:43.981  INFO 53312 --- [main] o.s.b.w.embedded.tomcat.TomcatWebServer  : Tomcat initialized with port(s): 8080 (http)
2018-05-23 21:41:44.033  INFO 53312 --- [main] o.apache.catalina.core.StandardService   : Starting service [Tomcat]
2018-05-23 21:41:44.033  INFO 53312 --- [main] org.apache.catalina.core.StandardEngine  : Starting Servlet Engine: Apache Tomcat/8.5.31
2018-05-23 21:41:44.055  INFO 53312 --- [localhost-startStop-1] o.a.catalina.core.AprLifecycleListener   : The APR based Apache Tomcat Native library which allows optimal performance in production environments was not found on the java.library.path: [/Users/jhchen/Library/Java/Extensions:/Library/Java/Extensions:/Network/Library/Java/Extensions:/System/Library/Java/Extensions:/usr/lib/java:.]
2018-05-23 21:41:44.221  INFO 53312 --- [localhost-startStop-1] o.a.c.c.C.[Tomcat].[localhost].[/]       : Initializing Spring embedded WebApplicationContext
2018-05-23 21:41:44.222  INFO 53312 --- [localhost-startStop-1] o.s.web.context.ContextLoader            : Root WebApplicationContext: initialization completed in 2871 ms
2018-05-23 21:41:44.474  INFO 53312 --- [localhost-startStop-1] o.s.b.w.servlet.ServletRegistrationBean  : Servlet dispatcherServlet mapped to [/]
2018-05-23 21:41:44.481  INFO 53312 --- [localhost-startStop-1] o.s.b.w.servlet.FilterRegistrationBean   : Mapping filter: 'characterEncodingFilter' to: [/*]
2018-05-23 21:41:44.485  INFO 53312 --- [localhost-startStop-1] o.s.b.w.servlet.FilterRegistrationBean   : Mapping filter: 'hiddenHttpMethodFilter' to: [/*]
2018-05-23 21:41:44.485  INFO 53312 --- [localhost-startStop-1] o.s.b.w.servlet.FilterRegistrationBean   : Mapping filter: 'httpPutFormContentFilter' to: [/*]
2018-05-23 21:41:44.486  INFO 53312 --- [localhost-startStop-1] o.s.b.w.servlet.FilterRegistrationBean   : Mapping filter: 'requestContextFilter' to: [/*]
2018-05-23 21:41:44.891  INFO 53312 --- [main] com.zaxxer.hikari.HikariDataSource       : HikariPool-1 - Starting...
2018-05-23 21:41:45.260  INFO 53312 --- [main] com.zaxxer.hikari.HikariDataSource       : HikariPool-1 - Start completed.
2018-05-23 21:41:45.322  INFO 53312 --- [main] j.LocalContainerEntityManagerFactoryBean : Building JPA container EntityManagerFactory for persistence unit 'default'
2018-05-23 21:41:45.350  INFO 53312 --- [main] o.hibernate.jpa.internal.util.LogHelper  : HHH000204: Processing PersistenceUnitInfo [
	name: default
	...]
2018-05-23 21:41:45.512  INFO 53312 --- [main] org.hibernate.Version                    : HHH000412: Hibernate Core {5.2.17.Final}
2018-05-23 21:41:45.514  INFO 53312 --- [main] org.hibernate.cfg.Environment            : HHH000206: hibernate.properties not found
2018-05-23 21:41:45.582  INFO 53312 --- [main] o.hibernate.annotations.common.Version   : HCANN000001: Hibernate Commons Annotations {5.0.1.Final}
2018-05-23 21:41:45.768  INFO 53312 --- [main] org.hibernate.dialect.Dialect            : HHH000400: Using dialect: org.hibernate.dialect.MySQL5Dialect
2018-05-23 21:41:46.444  INFO 53312 --- [main] j.LocalContainerEntityManagerFactoryBean : Initialized JPA EntityManagerFactory for persistence unit 'default'
2018-05-23 21:41:47.078  INFO 53312 --- [main] o.s.w.s.handler.SimpleUrlHandlerMapping  : Mapped URL path [/**/favicon.ico] onto handler of type [class org.springframework.web.servlet.resource.ResourceHttpRequestHandler]
2018-05-23 21:41:47.562  INFO 53312 --- [main] s.w.s.m.m.a.RequestMappingHandlerAdapter : Looking for @ControllerAdvice: org.springframework.boot.web.servlet.context.AnnotationConfigServletWebServerApplicationContext@409bf450: startup date [Wed May 23 21:41:41 CST 2018]; root of context hierarchy
2018-05-23 21:41:47.651  WARN 53312 --- [main] aWebConfiguration$JpaWebMvcConfiguration : spring.jpa.open-in-view is enabled by default. Therefore, database queries may be performed during view rendering. Explicitly configure spring.jpa.open-in-view to disable this warning
2018-05-23 21:41:47.732  INFO 53312 --- [main] s.w.s.m.m.a.RequestMappingHandlerMapping : Mapped "{[/api/v1/books/{id}],methods=[GET]}" onto public org.springframework.http.ResponseEntity<?> com.example.api.controller.BookController.getBook(java.lang.Long)
2018-05-23 21:41:47.734  INFO 53312 --- [main] s.w.s.m.m.a.RequestMappingHandlerMapping : Mapped "{[/api/v1/books],methods=[POST]}" onto public org.springframework.http.ResponseEntity<?> com.example.api.controller.BookController.saveBook(com.example.api.dto.BookDTO,org.springframework.validation.BindingResult)
2018-05-23 21:41:47.736  INFO 53312 --- [main] s.w.s.m.m.a.RequestMappingHandlerMapping : Mapped "{[/api/v1/books/{id}],methods=[PUT]}" onto public org.springframework.http.ResponseEntity<?> com.example.api.controller.BookController.updateBook(java.lang.Long,com.example.api.dto.BookDTO,org.springframework.validation.BindingResult)
2018-05-23 21:41:47.737  INFO 53312 --- [main] s.w.s.m.m.a.RequestMappingHandlerMapping : Mapped "{[/api/v1/books/{id}],methods=[DELETE]}" onto public org.springframework.http.ResponseEntity<?> com.example.api.controller.BookController.deleteBook(java.lang.Long)
2018-05-23 21:41:47.739  INFO 53312 --- [main] s.w.s.m.m.a.RequestMappingHandlerMapping : Mapped "{[/api/v1/books],methods=[DELETE]}" onto public org.springframework.http.ResponseEntity<?> com.example.api.controller.BookController.deleteAllBooks()
2018-05-23 21:41:47.740  INFO 53312 --- [main] s.w.s.m.m.a.RequestMappingHandlerMapping : Mapped "{[/api/v1/books],methods=[GET]}" onto public org.springframework.http.ResponseEntity<?> com.example.api.controller.BookController.listAllBooks()
2018-05-23 21:41:47.744  INFO 53312 --- [main] s.w.s.m.m.a.RequestMappingHandlerMapping : Mapped "{[/error]}" onto public org.springframework.http.ResponseEntity<java.util.Map<java.lang.String, java.lang.Object>> org.springframework.boot.autoconfigure.web.servlet.error.BasicErrorController.error(javax.servlet.http.HttpServletRequest)
2018-05-23 21:41:47.746  INFO 53312 --- [main] s.w.s.m.m.a.RequestMappingHandlerMapping : Mapped "{[/error],produces=[text/html]}" onto public org.springframework.web.servlet.ModelAndView org.springframework.boot.autoconfigure.web.servlet.error.BasicErrorController.errorHtml(javax.servlet.http.HttpServletRequest,javax.servlet.http.HttpServletResponse)
2018-05-23 21:41:47.817  INFO 53312 --- [main] o.s.w.s.handler.SimpleUrlHandlerMapping  : Mapped URL path [/webjars/**] onto handler of type [class org.springframework.web.servlet.resource.ResourceHttpRequestHandler]
2018-05-23 21:41:47.818  INFO 53312 --- [main] o.s.w.s.handler.SimpleUrlHandlerMapping  : Mapped URL path [/**] onto handler of type [class org.springframework.web.servlet.resource.ResourceHttpRequestHandler]
2018-05-23 21:41:47.844  INFO 53312 --- [main] .m.m.a.ExceptionHandlerExceptionResolver : Detected @ExceptionHandler methods in apiExceptionHandler
2018-05-23 21:41:48.217  INFO 53312 --- [main] o.s.j.e.a.AnnotationMBeanExporter        : Registering beans for JMX exposure on startup
2018-05-23 21:41:48.221  INFO 53312 --- [main] o.s.j.e.a.AnnotationMBeanExporter        : Bean with name 'dataSource' has been autodetected for JMX exposure
2018-05-23 21:41:48.232  INFO 53312 --- [main] o.s.j.e.a.AnnotationMBeanExporter        : Located MBean 'dataSource': registering with JMX server as MBean [com.zaxxer.hikari:name=dataSource,type=HikariDataSource]
2018-05-23 21:41:48.308  INFO 53312 --- [main] o.s.b.w.embedded.tomcat.TomcatWebServer  : Tomcat started on port(s): 8080 (http) with context path ''
2018-05-23 21:41:48.313  INFO 53312 --- [main] c.example.api.SpringBootApiApplication   : Started SpringBootApiApplication in 8.124 seconds (JVM running for 8.79)
2018-05-23 21:42:05.425  INFO 53312 --- [http-nio-8080-exec-1] o.a.c.c.C.[Tomcat].[localhost].[/]       : Initializing Spring FrameworkServlet 'dispatcherServlet'
2018-05-23 21:42:05.429  INFO 53312 --- [http-nio-8080-exec-1] o.s.web.servlet.DispatcherServlet        : FrameworkServlet 'dispatcherServlet': initialization started
2018-05-23 21:42:05.458  INFO 53312 --- [http-nio-8080-exec-1] o.s.web.servlet.DispatcherServlet        : FrameworkServlet 'dispatcherServlet': initialization completed in 28 ms
2018-05-23 21:42:34.239  INFO 53312 --- [Thread-3] ConfigServletWebServerApplicationContext : Closing org.springframework.boot.web.servlet.context.AnnotationConfigServletWebServerApplicationContext@409bf450: startup date [Wed May 23 21:41:41 CST 2018]; root of context hierarchy
2018-05-23 21:42:34.246  INFO 53312 --- [Thread-3] o.s.j.e.a.AnnotationMBeanExporter        : Unregistering JMX-exposed beans on shutdown
2018-05-23 21:42:34.247  INFO 53312 --- [Thread-3] o.s.j.e.a.AnnotationMBeanExporter        : Unregistering JMX-exposed beans
2018-05-23 21:42:34.248  INFO 53312 --- [Thread-3] j.LocalContainerEntityManagerFactoryBean : Closing JPA EntityManagerFactory for persistence unit 'default'
2018-05-23 21:42:34.250  INFO 53312 --- [Thread-3] com.zaxxer.hikari.HikariDataSource       : HikariPool-1 - Shutdown initiated...
2018-05-23 21:42:34.258  INFO 53312 --- [Thread-3] com.zaxxer.hikari.HikariDataSource       : HikariPool-1 - Shutdown completed.
