2018-06-26 21:25:02.979  INFO 9876 --- [main] c.e.a.c.e.a.c.BookControllerTest         : Starting BookControllerTest on chenjianhongde-MacBook-Air.local with PID 9876 (started by jhchen in /Users/jhchen/workspace/Spring-Boot/spring-boot-advance)
2018-06-26 21:25:02.989  INFO 9876 --- [main] c.e.a.c.e.a.c.BookControllerTest         : The following profiles are active: docker
2018-06-26 21:25:03.056  INFO 9876 --- [main] o.s.w.c.s.GenericWebApplicationContext   : Refreshing org.springframework.web.context.support.GenericWebApplicationContext@4e31276e: startup date [Tue Jun 26 21:25:03 CST 2018]; root of context hierarchy
2018-06-26 21:25:06.074  INFO 9876 --- [main] o.s.w.s.handler.SimpleUrlHandlerMapping  : Mapped URL path [/**/favicon.ico] onto handler of type [class org.springframework.web.servlet.resource.ResourceHttpRequestHandler]
2018-06-26 21:25:06.543  INFO 9876 --- [main] s.w.s.m.m.a.RequestMappingHandlerAdapter : Looking for @ControllerAdvice: org.springframework.web.context.support.GenericWebApplicationContext@4e31276e: startup date [Tue Jun 26 21:25:03 CST 2018]; root of context hierarchy
2018-06-26 21:25:06.715  INFO 9876 --- [main] s.w.s.m.m.a.RequestMappingHandlerMapping : Mapped "{[/books/{id}],methods=[GET]}" onto public java.lang.String com.example.advance.controller.BookController.getBook(java.lang.Long,org.springframework.ui.Model)
2018-06-26 21:25:06.723  INFO 9876 --- [main] s.w.s.m.m.a.RequestMappingHandlerMapping : Mapped "{[/error]}" onto public org.springframework.http.ResponseEntity<java.util.Map<java.lang.String, java.lang.Object>> org.springframework.boot.autoconfigure.web.servlet.error.BasicErrorController.error(javax.servlet.http.HttpServletRequest)
2018-06-26 21:25:06.726  INFO 9876 --- [main] s.w.s.m.m.a.RequestMappingHandlerMapping : Mapped "{[/error],produces=[text/html]}" onto public org.springframework.web.servlet.ModelAndView org.springframework.boot.autoconfigure.web.servlet.error.BasicErrorController.errorHtml(javax.servlet.http.HttpServletRequest,javax.servlet.http.HttpServletResponse)
2018-06-26 21:25:06.784  INFO 9876 --- [main] o.s.w.s.handler.SimpleUrlHandlerMapping  : Mapped URL path [/webjars/**] onto handler of type [class org.springframework.web.servlet.resource.ResourceHttpRequestHandler]
2018-06-26 21:25:06.785  INFO 9876 --- [main] o.s.w.s.handler.SimpleUrlHandlerMapping  : Mapped URL path [/**] onto handler of type [class org.springframework.web.servlet.resource.ResourceHttpRequestHandler]
2018-06-26 21:25:06.814  INFO 9876 --- [main] .m.m.a.ExceptionHandlerExceptionResolver : Detected @ExceptionHandler methods in controllerExceptionHandler
2018-06-26 21:25:07.019  INFO 9876 --- [main] o.s.b.a.w.s.WelcomePageHandlerMapping    : Adding welcome page template: index
2018-06-26 21:25:07.154  INFO 9876 --- [main] o.s.b.t.m.w.SpringBootMockServletContext : Initializing Spring FrameworkServlet ''
2018-06-26 21:25:07.155  INFO 9876 --- [main] o.s.t.web.servlet.TestDispatcherServlet  : FrameworkServlet '': initialization started
2018-06-26 21:25:07.185  INFO 9876 --- [main] o.s.t.web.servlet.TestDispatcherServlet  : FrameworkServlet '': initialization completed in 29 ms
2018-06-26 21:25:07.262  INFO 9876 --- [main] c.e.a.c.e.a.c.BookControllerTest         : Started BookControllerTest in 5.053 seconds (JVM running for 7.023)
2018-06-26 21:25:08.445  INFO 9876 --- [main] .b.t.a.w.s.WebMvcTestContextBootstrapper : Neither @ContextConfiguration nor @ContextHierarchy found for test class [com.example.advance.com.example.advance.controller.LoginControllerTest], using SpringBootContextLoader
2018-06-26 21:25:08.446  INFO 9876 --- [main] o.s.t.c.support.AbstractContextLoader    : Could not detect default resource locations for test class [com.example.advance.com.example.advance.controller.LoginControllerTest]: no resource found for suffixes {-context.xml, Context.groovy}.
2018-06-26 21:25:08.447  INFO 9876 --- [main] t.c.s.AnnotationConfigContextLoaderUtils : Could not detect default configuration classes for test class [com.example.advance.com.example.advance.controller.LoginControllerTest]: LoginControllerTest does not declare any static, non-private, non-final, nested classes annotated with @Configuration.
2018-06-26 21:25:08.499  INFO 9876 --- [main] .b.t.c.SpringBootTestContextBootstrapper : Found @SpringBootConfiguration com.example.advance.SpringBootAdvanceApplication for test class com.example.advance.com.example.advance.controller.LoginControllerTest
2018-06-26 21:25:08.506  INFO 9876 --- [main] .b.t.a.w.s.WebMvcTestContextBootstrapper : Loaded default TestExecutionListener class names from location [META-INF/spring.factories]: [org.springframework.boot.test.mock.mockito.MockitoTestExecutionListener, org.springframework.boot.test.mock.mockito.ResetMocksTestExecutionListener, org.springframework.boot.test.autoconfigure.restdocs.RestDocsTestExecutionListener, org.springframework.boot.test.autoconfigure.web.client.MockRestServiceServerResetTestExecutionListener, org.springframework.boot.test.autoconfigure.web.servlet.MockMvcPrintOnlyOnFailureTestExecutionListener, org.springframework.boot.test.autoconfigure.web.servlet.WebDriverTestExecutionListener, org.springframework.test.context.web.ServletTestExecutionListener, org.springframework.test.context.support.DirtiesContextBeforeModesTestExecutionListener, org.springframework.test.context.support.DependencyInjectionTestExecutionListener, org.springframework.test.context.support.DirtiesContextTestExecutionListener, org.springframework.test.context.transaction.TransactionalTestExecutionListener, org.springframework.test.context.jdbc.SqlScriptsTestExecutionListener]
2018-06-26 21:25:08.508  INFO 9876 --- [main] .b.t.a.w.s.WebMvcTestContextBootstrapper : Using TestExecutionListeners: [org.springframework.test.context.web.ServletTestExecutionListener@60dd0587, org.springframework.test.context.support.DirtiesContextBeforeModesTestExecutionListener@77f905e3, org.springframework.boot.test.mock.mockito.MockitoTestExecutionListener@221a2068, org.springframework.boot.test.autoconfigure.SpringBootDependencyInjectionTestExecutionListener@338766de, org.springframework.test.context.support.DirtiesContextTestExecutionListener@3b7eac14, org.springframework.test.context.transaction.TransactionalTestExecutionListener@4976085, org.springframework.test.context.jdbc.SqlScriptsTestExecutionListener@777d191f, org.springframework.boot.test.mock.mockito.ResetMocksTestExecutionListener@7fc420b8, org.springframework.boot.test.autoconfigure.restdocs.RestDocsTestExecutionListener@31142d58, org.springframework.boot.test.autoconfigure.web.client.MockRestServiceServerResetTestExecutionListener@e38f0b7, org.springframework.boot.test.autoconfigure.web.servlet.MockMvcPrintOnlyOnFailureTestExecutionListener@1192b58e, org.springframework.boot.test.autoconfigure.web.servlet.WebDriverTestExecutionListener@4f8d86e4]
2018-06-26 21:25:08.569  INFO 9876 --- [main] c.e.a.c.e.a.c.LoginControllerTest        : Starting LoginControllerTest on chenjianhongde-MacBook-Air.local with PID 9876 (started by jhchen in /Users/jhchen/workspace/Spring-Boot/spring-boot-advance)
2018-06-26 21:25:08.569  INFO 9876 --- [main] c.e.a.c.e.a.c.LoginControllerTest        : The following profiles are active: docker
2018-06-26 21:25:08.573  INFO 9876 --- [main] o.s.w.c.s.GenericWebApplicationContext   : Refreshing org.springframework.web.context.support.GenericWebApplicationContext@1084f78c: startup date [Tue Jun 26 21:25:08 CST 2018]; root of context hierarchy
2018-06-26 21:25:09.257  INFO 9876 --- [main] o.s.w.s.handler.SimpleUrlHandlerMapping  : Mapped URL path [/**/favicon.ico] onto handler of type [class org.springframework.web.servlet.resource.ResourceHttpRequestHandler]
2018-06-26 21:25:09.413  INFO 9876 --- [main] s.w.s.m.m.a.RequestMappingHandlerAdapter : Looking for @ControllerAdvice: org.springframework.web.context.support.GenericWebApplicationContext@1084f78c: startup date [Tue Jun 26 21:25:08 CST 2018]; root of context hierarchy
2018-06-26 21:25:09.441  INFO 9876 --- [main] s.w.s.m.m.a.RequestMappingHandlerMapping : Mapped "{[/register],methods=[POST]}" onto public java.lang.String com.example.advance.controller.LoginController.register(com.example.advance.form.UserForm,org.springframework.validation.BindingResult,org.springframework.ui.Model)
2018-06-26 21:25:09.443  INFO 9876 --- [main] s.w.s.m.m.a.RequestMappingHandlerMapping : Mapped "{[/],methods=[GET]}" onto public java.lang.String com.example.advance.controller.LoginController.indexPage()
2018-06-26 21:25:09.445  INFO 9876 --- [main] s.w.s.m.m.a.RequestMappingHandlerMapping : Mapped "{[/login],methods=[GET]}" onto public java.lang.String com.example.advance.controller.LoginController.loginPage()
2018-06-26 21:25:09.446  INFO 9876 --- [main] s.w.s.m.m.a.RequestMappingHandlerMapping : Mapped "{[/register],methods=[GET]}" onto public java.lang.String com.example.advance.controller.LoginController.registerPage(org.springframework.ui.Model)
2018-06-26 21:25:09.447  INFO 9876 --- [main] s.w.s.m.m.a.RequestMappingHandlerMapping : Mapped "{[/login],methods=[POST]}" onto public java.lang.String com.example.advance.controller.LoginController.loginPost(java.lang.String,java.lang.String,javax.servlet.http.HttpSession)
2018-06-26 21:25:09.448  INFO 9876 --- [main] s.w.s.m.m.a.RequestMappingHandlerMapping : Mapped "{[/logout],methods=[GET]}" onto public java.lang.String com.example.advance.controller.LoginController.logout(javax.servlet.http.HttpSession)
2018-06-26 21:25:09.451  INFO 9876 --- [main] s.w.s.m.m.a.RequestMappingHandlerMapping : Mapped "{[/error]}" onto public org.springframework.http.ResponseEntity<java.util.Map<java.lang.String, java.lang.Object>> org.springframework.boot.autoconfigure.web.servlet.error.BasicErrorController.error(javax.servlet.http.HttpServletRequest)
2018-06-26 21:25:09.452  INFO 9876 --- [main] s.w.s.m.m.a.RequestMappingHandlerMapping : Mapped "{[/error],produces=[text/html]}" onto public org.springframework.web.servlet.ModelAndView org.springframework.boot.autoconfigure.web.servlet.error.BasicErrorController.errorHtml(javax.servlet.http.HttpServletRequest,javax.servlet.http.HttpServletResponse)
2018-06-26 21:25:09.485  INFO 9876 --- [main] o.s.w.s.handler.SimpleUrlHandlerMapping  : Mapped URL path [/webjars/**] onto handler of type [class org.springframework.web.servlet.resource.ResourceHttpRequestHandler]
2018-06-26 21:25:09.485  INFO 9876 --- [main] o.s.w.s.handler.SimpleUrlHandlerMapping  : Mapped URL path [/**] onto handler of type [class org.springframework.web.servlet.resource.ResourceHttpRequestHandler]
2018-06-26 21:25:09.498  INFO 9876 --- [main] .m.m.a.ExceptionHandlerExceptionResolver : Detected @ExceptionHandler methods in controllerExceptionHandler
2018-06-26 21:25:09.584  INFO 9876 --- [main] o.s.b.a.w.s.WelcomePageHandlerMapping    : Adding welcome page template: index
2018-06-26 21:25:09.654  INFO 9876 --- [main] o.s.b.t.m.w.SpringBootMockServletContext : Initializing Spring FrameworkServlet ''
2018-06-26 21:25:09.655  INFO 9876 --- [main] o.s.t.web.servlet.TestDispatcherServlet  : FrameworkServlet '': initialization started
2018-06-26 21:25:09.670  INFO 9876 --- [main] o.s.t.web.servlet.TestDispatcherServlet  : FrameworkServlet '': initialization completed in 14 ms
2018-06-26 21:25:09.706  INFO 9876 --- [main] c.e.a.c.e.a.c.LoginControllerTest        : Started LoginControllerTest in 1.192 seconds (JVM running for 9.468)
2018-06-26 21:25:10.297  INFO 9876 --- [Thread-2] o.s.w.c.s.GenericWebApplicationContext   : Closing org.springframework.web.context.support.GenericWebApplicationContext@4e31276e: startup date [Tue Jun 26 21:25:03 CST 2018]; root of context hierarchy
2018-06-26 21:25:10.299  INFO 9876 --- [Thread-4] o.s.w.c.s.GenericWebApplicationContext   : Closing org.springframework.web.context.support.GenericWebApplicationContext@1084f78c: startup date [Tue Jun 26 21:25:08 CST 2018]; root of context hierarchy
2018-06-26 22:57:19.764  INFO 10310 --- [main] c.e.a.c.e.a.c.BookControllerTest         : Starting BookControllerTest on chenjianhongde-MacBook-Air.local with PID 10310 (started by jhchen in /Users/jhchen/workspace/Spring-Boot/spring-boot-advance)
2018-06-26 22:57:19.768  INFO 10310 --- [main] c.e.a.c.e.a.c.BookControllerTest         : The following profiles are active: docker
2018-06-26 22:57:19.872  INFO 10310 --- [main] o.s.w.c.s.GenericWebApplicationContext   : Refreshing org.springframework.web.context.support.GenericWebApplicationContext@4b7dc788: startup date [Tue Jun 26 22:57:19 CST 2018]; root of context hierarchy
2018-06-26 22:57:22.541  INFO 10310 --- [main] o.s.w.s.handler.SimpleUrlHandlerMapping  : Mapped URL path [/**/favicon.ico] onto handler of type [class org.springframework.web.servlet.resource.ResourceHttpRequestHandler]
2018-06-26 22:57:22.994  INFO 10310 --- [main] s.w.s.m.m.a.RequestMappingHandlerAdapter : Looking for @ControllerAdvice: org.springframework.web.context.support.GenericWebApplicationContext@4b7dc788: startup date [Tue Jun 26 22:57:19 CST 2018]; root of context hierarchy
2018-06-26 22:57:23.121  INFO 10310 --- [main] s.w.s.m.m.a.RequestMappingHandlerMapping : Mapped "{[/books/{id}],methods=[GET]}" onto public java.lang.String com.example.advance.controller.BookController.getBook(java.lang.Long,org.springframework.ui.Model)
2018-06-26 22:57:23.126  INFO 10310 --- [main] s.w.s.m.m.a.RequestMappingHandlerMapping : Mapped "{[/error]}" onto public org.springframework.http.ResponseEntity<java.util.Map<java.lang.String, java.lang.Object>> org.springframework.boot.autoconfigure.web.servlet.error.BasicErrorController.error(javax.servlet.http.HttpServletRequest)
2018-06-26 22:57:23.127  INFO 10310 --- [main] s.w.s.m.m.a.RequestMappingHandlerMapping : Mapped "{[/error],produces=[text/html]}" onto public org.springframework.web.servlet.ModelAndView org.springframework.boot.autoconfigure.web.servlet.error.BasicErrorController.errorHtml(javax.servlet.http.HttpServletRequest,javax.servlet.http.HttpServletResponse)
2018-06-26 22:57:23.181  INFO 10310 --- [main] o.s.w.s.handler.SimpleUrlHandlerMapping  : Mapped URL path [/webjars/**] onto handler of type [class org.springframework.web.servlet.resource.ResourceHttpRequestHandler]
2018-06-26 22:57:23.182  INFO 10310 --- [main] o.s.w.s.handler.SimpleUrlHandlerMapping  : Mapped URL path [/**] onto handler of type [class org.springframework.web.servlet.resource.ResourceHttpRequestHandler]
2018-06-26 22:57:23.207  INFO 10310 --- [main] .m.m.a.ExceptionHandlerExceptionResolver : Detected @ExceptionHandler methods in controllerExceptionHandler
2018-06-26 22:57:23.406  INFO 10310 --- [main] o.s.b.a.w.s.WelcomePageHandlerMapping    : Adding welcome page template: index
2018-06-26 22:57:23.514  INFO 10310 --- [main] o.s.b.t.m.w.SpringBootMockServletContext : Initializing Spring FrameworkServlet ''
2018-06-26 22:57:23.516  INFO 10310 --- [main] o.s.t.web.servlet.TestDispatcherServlet  : FrameworkServlet '': initialization started
2018-06-26 22:57:23.542  INFO 10310 --- [main] o.s.t.web.servlet.TestDispatcherServlet  : FrameworkServlet '': initialization completed in 26 ms
2018-06-26 22:57:23.620  INFO 10310 --- [main] c.e.a.c.e.a.c.BookControllerTest         : Started BookControllerTest in 4.636 seconds (JVM running for 6.27)
2018-06-26 22:57:24.612  INFO 10310 --- [main] .b.t.a.w.s.WebMvcTestContextBootstrapper : Neither @ContextConfiguration nor @ContextHierarchy found for test class [com.example.advance.com.example.advance.controller.LoginControllerTest], using SpringBootContextLoader
2018-06-26 22:57:24.626  INFO 10310 --- [main] o.s.t.c.support.AbstractContextLoader    : Could not detect default resource locations for test class [com.example.advance.com.example.advance.controller.LoginControllerTest]: no resource found for suffixes {-context.xml, Context.groovy}.
2018-06-26 22:57:24.627  INFO 10310 --- [main] t.c.s.AnnotationConfigContextLoaderUtils : Could not detect default configuration classes for test class [com.example.advance.com.example.advance.controller.LoginControllerTest]: LoginControllerTest does not declare any static, non-private, non-final, nested classes annotated with @Configuration.
2018-06-26 22:57:24.634  INFO 10310 --- [main] .b.t.c.SpringBootTestContextBootstrapper : Found @SpringBootConfiguration com.example.advance.SpringBootAdvanceApplication for test class com.example.advance.com.example.advance.controller.LoginControllerTest
2018-06-26 22:57:24.635  INFO 10310 --- [main] .b.t.a.w.s.WebMvcTestContextBootstrapper : Loaded default TestExecutionListener class names from location [META-INF/spring.factories]: [org.springframework.boot.test.mock.mockito.MockitoTestExecutionListener, org.springframework.boot.test.mock.mockito.ResetMocksTestExecutionListener, org.springframework.boot.test.autoconfigure.restdocs.RestDocsTestExecutionListener, org.springframework.boot.test.autoconfigure.web.client.MockRestServiceServerResetTestExecutionListener, org.springframework.boot.test.autoconfigure.web.servlet.MockMvcPrintOnlyOnFailureTestExecutionListener, org.springframework.boot.test.autoconfigure.web.servlet.WebDriverTestExecutionListener, org.springframework.test.context.web.ServletTestExecutionListener, org.springframework.test.context.support.DirtiesContextBeforeModesTestExecutionListener, org.springframework.test.context.support.DependencyInjectionTestExecutionListener, org.springframework.test.context.support.DirtiesContextTestExecutionListener, org.springframework.test.context.transaction.TransactionalTestExecutionListener, org.springframework.test.context.jdbc.SqlScriptsTestExecutionListener]
2018-06-26 22:57:24.654  INFO 10310 --- [main] .b.t.a.w.s.WebMvcTestContextBootstrapper : Using TestExecutionListeners: [org.springframework.test.context.web.ServletTestExecutionListener@2489e84a, org.springframework.test.context.support.DirtiesContextBeforeModesTestExecutionListener@2a39aa2b, org.springframework.boot.test.mock.mockito.MockitoTestExecutionListener@62b93086, org.springframework.boot.test.autoconfigure.SpringBootDependencyInjectionTestExecutionListener@254449bb, org.springframework.test.context.support.DirtiesContextTestExecutionListener@4e642ee1, org.springframework.test.context.transaction.TransactionalTestExecutionListener@29ebbdf4, org.springframework.test.context.jdbc.SqlScriptsTestExecutionListener@2fd954f, org.springframework.boot.test.mock.mockito.ResetMocksTestExecutionListener@5731d3a, org.springframework.boot.test.autoconfigure.restdocs.RestDocsTestExecutionListener@6a0f2853, org.springframework.boot.test.autoconfigure.web.client.MockRestServiceServerResetTestExecutionListener@1eff3cfb, org.springframework.boot.test.autoconfigure.web.servlet.MockMvcPrintOnlyOnFailureTestExecutionListener@70c69586, org.springframework.boot.test.autoconfigure.web.servlet.WebDriverTestExecutionListener@6dc1dc69]
2018-06-26 22:57:24.743  INFO 10310 --- [main] c.e.a.c.e.a.c.LoginControllerTest        : Starting LoginControllerTest on chenjianhongde-MacBook-Air.local with PID 10310 (started by jhchen in /Users/jhchen/workspace/Spring-Boot/spring-boot-advance)
2018-06-26 22:57:24.744  INFO 10310 --- [main] c.e.a.c.e.a.c.LoginControllerTest        : The following profiles are active: docker
2018-06-26 22:57:24.748  INFO 10310 --- [main] o.s.w.c.s.GenericWebApplicationContext   : Refreshing org.springframework.web.context.support.GenericWebApplicationContext@4bcaa195: startup date [Tue Jun 26 22:57:24 CST 2018]; root of context hierarchy
2018-06-26 22:57:25.413  INFO 10310 --- [main] o.s.w.s.handler.SimpleUrlHandlerMapping  : Mapped URL path [/**/favicon.ico] onto handler of type [class org.springframework.web.servlet.resource.ResourceHttpRequestHandler]
2018-06-26 22:57:25.600  INFO 10310 --- [main] s.w.s.m.m.a.RequestMappingHandlerAdapter : Looking for @ControllerAdvice: org.springframework.web.context.support.GenericWebApplicationContext@4bcaa195: startup date [Tue Jun 26 22:57:24 CST 2018]; root of context hierarchy
2018-06-26 22:57:25.639  INFO 10310 --- [main] s.w.s.m.m.a.RequestMappingHandlerMapping : Mapped "{[/register],methods=[POST]}" onto public java.lang.String com.example.advance.controller.LoginController.register(com.example.advance.form.UserForm,org.springframework.validation.BindingResult,org.springframework.ui.Model)
2018-06-26 22:57:25.641  INFO 10310 --- [main] s.w.s.m.m.a.RequestMappingHandlerMapping : Mapped "{[/],methods=[GET]}" onto public java.lang.String com.example.advance.controller.LoginController.indexPage()
2018-06-26 22:57:25.642  INFO 10310 --- [main] s.w.s.m.m.a.RequestMappingHandlerMapping : Mapped "{[/login],methods=[GET]}" onto public java.lang.String com.example.advance.controller.LoginController.loginPage()
2018-06-26 22:57:25.642  INFO 10310 --- [main] s.w.s.m.m.a.RequestMappingHandlerMapping : Mapped "{[/register],methods=[GET]}" onto public java.lang.String com.example.advance.controller.LoginController.registerPage(org.springframework.ui.Model)
2018-06-26 22:57:25.643  INFO 10310 --- [main] s.w.s.m.m.a.RequestMappingHandlerMapping : Mapped "{[/login],methods=[POST]}" onto public java.lang.String com.example.advance.controller.LoginController.loginPost(java.lang.String,java.lang.String,javax.servlet.http.HttpSession)
2018-06-26 22:57:25.644  INFO 10310 --- [main] s.w.s.m.m.a.RequestMappingHandlerMapping : Mapped "{[/logout],methods=[GET]}" onto public java.lang.String com.example.advance.controller.LoginController.logout(javax.servlet.http.HttpSession)
2018-06-26 22:57:25.650  INFO 10310 --- [main] s.w.s.m.m.a.RequestMappingHandlerMapping : Mapped "{[/error]}" onto public org.springframework.http.ResponseEntity<java.util.Map<java.lang.String, java.lang.Object>> org.springframework.boot.autoconfigure.web.servlet.error.BasicErrorController.error(javax.servlet.http.HttpServletRequest)
2018-06-26 22:57:25.657  INFO 10310 --- [main] s.w.s.m.m.a.RequestMappingHandlerMapping : Mapped "{[/error],produces=[text/html]}" onto public org.springframework.web.servlet.ModelAndView org.springframework.boot.autoconfigure.web.servlet.error.BasicErrorController.errorHtml(javax.servlet.http.HttpServletRequest,javax.servlet.http.HttpServletResponse)
2018-06-26 22:57:25.695  INFO 10310 --- [main] o.s.w.s.handler.SimpleUrlHandlerMapping  : Mapped URL path [/webjars/**] onto handler of type [class org.springframework.web.servlet.resource.ResourceHttpRequestHandler]
2018-06-26 22:57:25.695  INFO 10310 --- [main] o.s.w.s.handler.SimpleUrlHandlerMapping  : Mapped URL path [/**] onto handler of type [class org.springframework.web.servlet.resource.ResourceHttpRequestHandler]
2018-06-26 22:57:25.712  INFO 10310 --- [main] .m.m.a.ExceptionHandlerExceptionResolver : Detected @ExceptionHandler methods in controllerExceptionHandler
2018-06-26 22:57:25.857  INFO 10310 --- [main] o.s.b.a.w.s.WelcomePageHandlerMapping    : Adding welcome page template: index
2018-06-26 22:57:25.974  INFO 10310 --- [main] o.s.b.t.m.w.SpringBootMockServletContext : Initializing Spring FrameworkServlet ''
2018-06-26 22:57:25.975  INFO 10310 --- [main] o.s.t.web.servlet.TestDispatcherServlet  : FrameworkServlet '': initialization started
2018-06-26 22:57:25.987  INFO 10310 --- [main] o.s.t.web.servlet.TestDispatcherServlet  : FrameworkServlet '': initialization completed in 12 ms
2018-06-26 22:57:26.038  INFO 10310 --- [main] c.e.a.c.e.a.c.LoginControllerTest        : Started LoginControllerTest in 1.376 seconds (JVM running for 8.688)
2018-06-26 22:57:26.540  INFO 10310 --- [Thread-2] o.s.w.c.s.GenericWebApplicationContext   : Closing org.springframework.web.context.support.GenericWebApplicationContext@4b7dc788: startup date [Tue Jun 26 22:57:19 CST 2018]; root of context hierarchy
2018-06-26 22:57:26.550  INFO 10310 --- [Thread-4] o.s.w.c.s.GenericWebApplicationContext   : Closing org.springframework.web.context.support.GenericWebApplicationContext@4bcaa195: startup date [Tue Jun 26 22:57:24 CST 2018]; root of context hierarchy
2018-06-26 23:20:16.368  INFO 10727 --- [main] c.e.a.c.e.a.c.BookControllerTest         : Starting BookControllerTest on chenjianhongde-MacBook-Air.local with PID 10727 (started by jhchen in /Users/jhchen/workspace/Spring-Boot/spring-boot-advance)
2018-06-26 23:20:16.370  INFO 10727 --- [main] c.e.a.c.e.a.c.BookControllerTest         : The following profiles are active: docker
2018-06-26 23:20:16.472  INFO 10727 --- [main] o.s.w.c.s.GenericWebApplicationContext   : Refreshing org.springframework.web.context.support.GenericWebApplicationContext@35399441: startup date [Tue Jun 26 23:20:16 CST 2018]; root of context hierarchy
2018-06-26 23:20:19.223  INFO 10727 --- [main] o.s.w.s.handler.SimpleUrlHandlerMapping  : Mapped URL path [/**/favicon.ico] onto handler of type [class org.springframework.web.servlet.resource.ResourceHttpRequestHandler]
2018-06-26 23:20:19.684  INFO 10727 --- [main] s.w.s.m.m.a.RequestMappingHandlerAdapter : Looking for @ControllerAdvice: org.springframework.web.context.support.GenericWebApplicationContext@35399441: startup date [Tue Jun 26 23:20:16 CST 2018]; root of context hierarchy
2018-06-26 23:20:19.821  INFO 10727 --- [main] s.w.s.m.m.a.RequestMappingHandlerMapping : Mapped "{[/books/{id}],methods=[GET]}" onto public java.lang.String com.example.advance.controller.BookController.getBook(java.lang.Long,org.springframework.ui.Model)
2018-06-26 23:20:19.826  INFO 10727 --- [main] s.w.s.m.m.a.RequestMappingHandlerMapping : Mapped "{[/error]}" onto public org.springframework.http.ResponseEntity<java.util.Map<java.lang.String, java.lang.Object>> org.springframework.boot.autoconfigure.web.servlet.error.BasicErrorController.error(javax.servlet.http.HttpServletRequest)
2018-06-26 23:20:19.827  INFO 10727 --- [main] s.w.s.m.m.a.RequestMappingHandlerMapping : Mapped "{[/error],produces=[text/html]}" onto public org.springframework.web.servlet.ModelAndView org.springframework.boot.autoconfigure.web.servlet.error.BasicErrorController.errorHtml(javax.servlet.http.HttpServletRequest,javax.servlet.http.HttpServletResponse)
2018-06-26 23:20:19.884  INFO 10727 --- [main] o.s.w.s.handler.SimpleUrlHandlerMapping  : Mapped URL path [/webjars/**] onto handler of type [class org.springframework.web.servlet.resource.ResourceHttpRequestHandler]
2018-06-26 23:20:19.884  INFO 10727 --- [main] o.s.w.s.handler.SimpleUrlHandlerMapping  : Mapped URL path [/**] onto handler of type [class org.springframework.web.servlet.resource.ResourceHttpRequestHandler]
2018-06-26 23:20:19.911  INFO 10727 --- [main] .m.m.a.ExceptionHandlerExceptionResolver : Detected @ExceptionHandler methods in controllerExceptionHandler
2018-06-26 23:20:20.113  INFO 10727 --- [main] o.s.b.a.w.s.WelcomePageHandlerMapping    : Adding welcome page template: index
2018-06-26 23:20:20.217  INFO 10727 --- [main] o.s.b.t.m.w.SpringBootMockServletContext : Initializing Spring FrameworkServlet ''
2018-06-26 23:20:20.218  INFO 10727 --- [main] o.s.t.web.servlet.TestDispatcherServlet  : FrameworkServlet '': initialization started
2018-06-26 23:20:20.238  INFO 10727 --- [main] o.s.t.web.servlet.TestDispatcherServlet  : FrameworkServlet '': initialization completed in 19 ms
2018-06-26 23:20:20.309  INFO 10727 --- [main] c.e.a.c.e.a.c.BookControllerTest         : Started BookControllerTest in 4.68 seconds (JVM running for 6.342)
2018-06-26 23:20:21.363  INFO 10727 --- [main] .b.t.a.w.s.WebMvcTestContextBootstrapper : Neither @ContextConfiguration nor @ContextHierarchy found for test class [com.example.advance.com.example.advance.controller.LoginControllerTest], using SpringBootContextLoader
2018-06-26 23:20:21.365  INFO 10727 --- [main] o.s.t.c.support.AbstractContextLoader    : Could not detect default resource locations for test class [com.example.advance.com.example.advance.controller.LoginControllerTest]: no resource found for suffixes {-context.xml, Context.groovy}.
2018-06-26 23:20:21.365  INFO 10727 --- [main] t.c.s.AnnotationConfigContextLoaderUtils : Could not detect default configuration classes for test class [com.example.advance.com.example.advance.controller.LoginControllerTest]: LoginControllerTest does not declare any static, non-private, non-final, nested classes annotated with @Configuration.
2018-06-26 23:20:21.380  INFO 10727 --- [main] .b.t.c.SpringBootTestContextBootstrapper : Found @SpringBootConfiguration com.example.advance.SpringBootAdvanceApplication for test class com.example.advance.com.example.advance.controller.LoginControllerTest
2018-06-26 23:20:21.382  INFO 10727 --- [main] .b.t.a.w.s.WebMvcTestContextBootstrapper : Loaded default TestExecutionListener class names from location [META-INF/spring.factories]: [org.springframework.boot.test.mock.mockito.MockitoTestExecutionListener, org.springframework.boot.test.mock.mockito.ResetMocksTestExecutionListener, org.springframework.boot.test.autoconfigure.restdocs.RestDocsTestExecutionListener, org.springframework.boot.test.autoconfigure.web.client.MockRestServiceServerResetTestExecutionListener, org.springframework.boot.test.autoconfigure.web.servlet.MockMvcPrintOnlyOnFailureTestExecutionListener, org.springframework.boot.test.autoconfigure.web.servlet.WebDriverTestExecutionListener, org.springframework.test.context.web.ServletTestExecutionListener, org.springframework.test.context.support.DirtiesContextBeforeModesTestExecutionListener, org.springframework.test.context.support.DependencyInjectionTestExecutionListener, org.springframework.test.context.support.DirtiesContextTestExecutionListener, org.springframework.test.context.transaction.TransactionalTestExecutionListener, org.springframework.test.context.jdbc.SqlScriptsTestExecutionListener]
2018-06-26 23:20:21.383  INFO 10727 --- [main] .b.t.a.w.s.WebMvcTestContextBootstrapper : Using TestExecutionListeners: [org.springframework.test.context.web.ServletTestExecutionListener@3e0fbeb5, org.springframework.test.context.support.DirtiesContextBeforeModesTestExecutionListener@3976ebfa, org.springframework.boot.test.mock.mockito.MockitoTestExecutionListener@2676dc05, org.springframework.boot.test.autoconfigure.SpringBootDependencyInjectionTestExecutionListener@b0a1231, org.springframework.test.context.support.DirtiesContextTestExecutionListener@4833eff3, org.springframework.test.context.transaction.TransactionalTestExecutionListener@4694f434, org.springframework.test.context.jdbc.SqlScriptsTestExecutionListener@56928e17, org.springframework.boot.test.mock.mockito.ResetMocksTestExecutionListener@dd2856e, org.springframework.boot.test.autoconfigure.restdocs.RestDocsTestExecutionListener@5a49af50, org.springframework.boot.test.autoconfigure.web.client.MockRestServiceServerResetTestExecutionListener@3b1dc579, org.springframework.boot.test.autoconfigure.web.servlet.MockMvcPrintOnlyOnFailureTestExecutionListener@793d163b, org.springframework.boot.test.autoconfigure.web.servlet.WebDriverTestExecutionListener@60dd0587]
2018-06-26 23:20:21.465  INFO 10727 --- [main] c.e.a.c.e.a.c.LoginControllerTest        : Starting LoginControllerTest on chenjianhongde-MacBook-Air.local with PID 10727 (started by jhchen in /Users/jhchen/workspace/Spring-Boot/spring-boot-advance)
2018-06-26 23:20:21.466  INFO 10727 --- [main] c.e.a.c.e.a.c.LoginControllerTest        : The following profiles are active: docker
2018-06-26 23:20:21.470  INFO 10727 --- [main] o.s.w.c.s.GenericWebApplicationContext   : Refreshing org.springframework.web.context.support.GenericWebApplicationContext@6d2a2560: startup date [Tue Jun 26 23:20:21 CST 2018]; root of context hierarchy
2018-06-26 23:20:22.164  INFO 10727 --- [main] o.s.w.s.handler.SimpleUrlHandlerMapping  : Mapped URL path [/**/favicon.ico] onto handler of type [class org.springframework.web.servlet.resource.ResourceHttpRequestHandler]
2018-06-26 23:20:22.384  INFO 10727 --- [main] s.w.s.m.m.a.RequestMappingHandlerAdapter : Looking for @ControllerAdvice: org.springframework.web.context.support.GenericWebApplicationContext@6d2a2560: startup date [Tue Jun 26 23:20:21 CST 2018]; root of context hierarchy
2018-06-26 23:20:22.406  INFO 10727 --- [main] s.w.s.m.m.a.RequestMappingHandlerMapping : Mapped "{[/register],methods=[POST]}" onto public java.lang.String com.example.advance.controller.LoginController.register(com.example.advance.form.UserForm,org.springframework.validation.BindingResult,org.springframework.ui.Model)
2018-06-26 23:20:22.407  INFO 10727 --- [main] s.w.s.m.m.a.RequestMappingHandlerMapping : Mapped "{[/],methods=[GET]}" onto public java.lang.String com.example.advance.controller.LoginController.indexPage()
2018-06-26 23:20:22.408  INFO 10727 --- [main] s.w.s.m.m.a.RequestMappingHandlerMapping : Mapped "{[/register],methods=[GET]}" onto public java.lang.String com.example.advance.controller.LoginController.registerPage(org.springframework.ui.Model)
2018-06-26 23:20:22.409  INFO 10727 --- [main] s.w.s.m.m.a.RequestMappingHandlerMapping : Mapped "{[/login],methods=[GET]}" onto public java.lang.String com.example.advance.controller.LoginController.loginPage()
2018-06-26 23:20:22.409  INFO 10727 --- [main] s.w.s.m.m.a.RequestMappingHandlerMapping : Mapped "{[/login],methods=[POST]}" onto public java.lang.String com.example.advance.controller.LoginController.loginPost(java.lang.String,java.lang.String,javax.servlet.http.HttpSession)
2018-06-26 23:20:22.410  INFO 10727 --- [main] s.w.s.m.m.a.RequestMappingHandlerMapping : Mapped "{[/logout],methods=[GET]}" onto public java.lang.String com.example.advance.controller.LoginController.logout(javax.servlet.http.HttpSession)
2018-06-26 23:20:22.414  INFO 10727 --- [main] s.w.s.m.m.a.RequestMappingHandlerMapping : Mapped "{[/error]}" onto public org.springframework.http.ResponseEntity<java.util.Map<java.lang.String, java.lang.Object>> org.springframework.boot.autoconfigure.web.servlet.error.BasicErrorController.error(javax.servlet.http.HttpServletRequest)
2018-06-26 23:20:22.415  INFO 10727 --- [main] s.w.s.m.m.a.RequestMappingHandlerMapping : Mapped "{[/error],produces=[text/html]}" onto public org.springframework.web.servlet.ModelAndView org.springframework.boot.autoconfigure.web.servlet.error.BasicErrorController.errorHtml(javax.servlet.http.HttpServletRequest,javax.servlet.http.HttpServletResponse)
2018-06-26 23:20:22.456  INFO 10727 --- [main] o.s.w.s.handler.SimpleUrlHandlerMapping  : Mapped URL path [/webjars/**] onto handler of type [class org.springframework.web.servlet.resource.ResourceHttpRequestHandler]
2018-06-26 23:20:22.457  INFO 10727 --- [main] o.s.w.s.handler.SimpleUrlHandlerMapping  : Mapped URL path [/**] onto handler of type [class org.springframework.web.servlet.resource.ResourceHttpRequestHandler]
2018-06-26 23:20:22.470  INFO 10727 --- [main] .m.m.a.ExceptionHandlerExceptionResolver : Detected @ExceptionHandler methods in controllerExceptionHandler
2018-06-26 23:20:22.550  INFO 10727 --- [main] o.s.b.a.w.s.WelcomePageHandlerMapping    : Adding welcome page template: index
2018-06-26 23:20:22.618  INFO 10727 --- [main] o.s.b.t.m.w.SpringBootMockServletContext : Initializing Spring FrameworkServlet ''
2018-06-26 23:20:22.618  INFO 10727 --- [main] o.s.t.web.servlet.TestDispatcherServlet  : FrameworkServlet '': initialization started
2018-06-26 23:20:22.634  INFO 10727 --- [main] o.s.t.web.servlet.TestDispatcherServlet  : FrameworkServlet '': initialization completed in 16 ms
2018-06-26 23:20:22.665  INFO 10727 --- [main] c.e.a.c.e.a.c.LoginControllerTest        : Started LoginControllerTest in 1.258 seconds (JVM running for 8.698)
2018-06-26 23:20:23.163  INFO 10727 --- [Thread-2] o.s.w.c.s.GenericWebApplicationContext   : Closing org.springframework.web.context.support.GenericWebApplicationContext@35399441: startup date [Tue Jun 26 23:20:16 CST 2018]; root of context hierarchy
2018-06-26 23:20:23.166  INFO 10727 --- [Thread-4] o.s.w.c.s.GenericWebApplicationContext   : Closing org.springframework.web.context.support.GenericWebApplicationContext@6d2a2560: startup date [Tue Jun 26 23:20:21 CST 2018]; root of context hierarchy
